\BOOKMARK [0][-]{chapter.1}{\376\377\000I\000n\000t\000r\000o\000d\000u\000c\000t\000i\000o\000n}{}% 1
\BOOKMARK [0][-]{chapter.2}{\376\377\000D\000e\000s\000c\000r\000i\000p\000t\000i\000o\000n\000\040\000d\000u\000\040\000d\000o\000m\000a\000i\000n\000e\000\040\000t\000r\000a\000i\000t\000\351}{}% 2
\BOOKMARK [1][-]{section.2.1}{\376\377\000Q\000u\000'\000e\000s\000t\000-\000c\000e\000\040\000q\000u\000e\000\040\000l\000a\000\040\000r\000\351\000p\000a\000r\000t\000i\000t\000i\000o\000n\000\040\000d\000e\000\040\000c\000h\000a\000r\000g\000e\000\040\000?}{chapter.2}% 3
\BOOKMARK [1][-]{section.2.2}{\376\377\000C\000o\000m\000p\000o\000s\000a\000n\000t\000s\000\040\000d\000'\000u\000n\000\040\000s\000y\000s\000t\000\350\000m\000e\000\040\000d\000e\000\040\000r\000\351\000p\000a\000r\000t\000i\000t\000i\000o\000n\000\040\000d\000e\000\040\000c\000h\000a\000r\000g\000e}{chapter.2}% 4
\BOOKMARK [1][-]{section.2.3}{\376\377\000A\000l\000g\000o\000r\000i\000t\000h\000m\000e\000s\000\040\000d\000e\000\040\000r\000\351\000p\000a\000r\000t\000i\000t\000i\000o\000n\000\040\000c\000o\000u\000r\000a\000n\000t\000s}{chapter.2}% 5
\BOOKMARK [1][-]{section.2.4}{\376\377\000C\000o\000n\000t\000e\000x\000t\000e\000\040\000e\000t\000\040\000p\000r\000o\000b\000l\000\351\000m\000a\000t\000i\000q\000u\000e}{chapter.2}% 6
\BOOKMARK [0][-]{chapter.3}{\376\377\000T\000a\000b\000l\000e\000a\000u\000\040\000d\000e\000s\000\040\000c\000o\000n\000c\000e\000p\000t\000s\000\040\000i\000d\000e\000n\000t\000i\000f\000i\000\351\000s}{}% 7
\BOOKMARK [0][-]{chapter.4}{\376\377\000R\000\350\000g\000l\000e\000s\000\040\000d\000e\000\040\000g\000e\000s\000t\000i\000o\000n\000\040\000e\000t\000\040\000e\000x\000i\000g\000e\000n\000c\000e\000s}{}% 8
\BOOKMARK [0][-]{chapter.5}{\376\377\000D\000\351\000c\000o\000m\000p\000o\000s\000i\000t\000i\000o\000n\000\040\000e\000n\000\040\000m\000o\000d\000u\000l\000e\000s}{}% 9
\BOOKMARK [1][-]{section.5.1}{\376\377\000A\000r\000c\000h\000i\000t\000e\000c\000t\000u\000r\000e\000\040\000d\000e\000s\000\040\000p\000a\000c\000k\000a\000g\000e\000s}{chapter.5}% 10
\BOOKMARK [1][-]{section.5.2}{\376\377\000D\000e\000s\000c\000r\000i\000p\000t\000i\000o\000n\000\040\000d\000e\000s\000\040\000m\000o\000d\000u\000l\000e\000s}{chapter.5}% 11
\BOOKMARK [0][-]{chapter.6}{\376\377\000S\000c\000h\000\351\000m\000a\000\040\000d\000u\000\040\000m\000\351\000t\000a\000m\000o\000d\000\350\000l\000e}{}% 12
\BOOKMARK [1][-]{section.6.1}{\376\377\000D\000i\000a\000g\000r\000a\000m\000m\000e\000\040\000g\000l\000o\000b\000a\000l\000\040\000d\000u\000\040\000m\000\351\000t\000a\000m\000o\000d\000\350\000l\000e}{chapter.6}% 13
\BOOKMARK [1][-]{section.6.2}{\376\377\000M\000o\000d\000u\000l\000e\000\040\000C\000o\000r\000e\000\040\040\023\000\040\000D\000\351\000t\000a\000i\000l}{chapter.6}% 14
\BOOKMARK [0][-]{chapter.7}{\376\377\000C\000o\000n\000t\000r\000a\000i\000n\000t\000e\000s\000\040\000O\000C\000L}{}% 15
\BOOKMARK [1][-]{section.7.1}{\376\377\000R\000G\0000\0001\000\040\040\023\000\040\000U\000n\000i\000c\000i\000t\000\351\000\040\000d\000e\000s\000\040\000n\000o\000m\000s\000\040\000d\000e\000\040\000s\000e\000r\000v\000e\000u\000r\000s}{chapter.7}% 16
\BOOKMARK [1][-]{section.7.2}{\376\377\000R\000G\0000\0002\000\040\040\023\000\040\000P\000o\000r\000t\000\040\000v\000a\000l\000i\000d\000e}{chapter.7}% 17
\BOOKMARK [1][-]{section.7.3}{\376\377\000R\000G\0000\0003\000\040\040\023\000\040\000P\000o\000i\000d\000s\000\040\000p\000o\000s\000i\000t\000i\000f}{chapter.7}% 18
\BOOKMARK [1][-]{section.7.4}{\376\377\000R\000G\0000\0004\000\040\040\023\000\040\000C\000l\000u\000s\000t\000e\000r\000\040\000n\000o\000n\000\040\000v\000i\000d\000e}{chapter.7}% 19
\BOOKMARK [1][-]{section.7.5}{\376\377\000R\000G\0000\0005\000\040\040\023\000\040\000H\000e\000a\000l\000t\000h\000\040\000c\000h\000e\000c\000k\000\040\000c\000o\000h\000\351\000r\000e\000n\000t}{chapter.7}% 20
\BOOKMARK [1][-]{section.7.6}{\376\377\000R\000G\0000\0006\000\040\040\023\000\040\000S\000e\000u\000i\000l\000s\000\040\000d\000e\000\040\000s\000c\000a\000l\000i\000n\000g\000\040\000c\000o\000h\000\351\000r\000e\000n\000t\000s}{chapter.7}% 21
\BOOKMARK [1][-]{section.7.7}{\376\377\000R\000G\0000\0007\000\040\040\023\000\040\000I\000n\000s\000t\000a\000n\000c\000e\000s\000\040\000m\000i\000n\000/\000m\000a\000x\000\040\000c\000o\000h\000\351\000r\000e\000n\000t\000e\000s}{chapter.7}% 22
\BOOKMARK [1][-]{section.7.8}{\376\377\000R\000G\0000\0008\000\040\040\023\000\040\000L\000i\000s\000t\000e\000n\000e\000r\000\040\000u\000n\000i\000q\000u\000e\000\040\000p\000a\000r\000\040\000p\000o\000r\000t}{chapter.7}% 23
\BOOKMARK [1][-]{section.7.9}{\376\377\000R\000G\0000\0009\000\040\040\023\000\040\000A\000l\000g\000o\000r\000i\000t\000h\000m\000e\000\040\000W\000e\000i\000g\000h\000t\000e\000d\000\040\000r\000e\000q\000u\000i\000e\000r\000t\000\040\000d\000e\000s\000\040\000p\000o\000i\000d\000s}{chapter.7}% 24
\BOOKMARK [1][-]{section.7.10}{\376\377\000R\000G\0001\0000\000\040\040\023\000\040\000S\000e\000s\000s\000i\000o\000n\000\040\000P\000e\000r\000s\000i\000s\000t\000e\000n\000c\000e\000\040\000c\000o\000o\000k\000i\000e}{chapter.7}% 25
\BOOKMARK [1][-]{section.7.11}{\376\377\000R\000G\0001\0001\000\040\040\023\000\040\000A\000u\000\040\000m\000o\000i\000n\000s\000\040\000u\000n\000\040\000l\000i\000s\000t\000e\000n\000e\000r}{chapter.7}% 26
\BOOKMARK [1][-]{section.7.12}{\376\377\000R\000G\0001\0002\000\040\040\023\000\040\000S\000e\000r\000v\000e\000u\000r\000\040\000a\000c\000t\000i\000f\000\040\000d\000a\000n\000s\000\040\000l\000e\000\040\000c\000l\000u\000s\000t\000e\000r}{chapter.7}% 27
\BOOKMARK [0][-]{chapter.8}{\376\377\000N\000i\000v\000e\000a\000u\000x\000\040\000M\000D\000A\000\040\000e\000t\000\040\000a\000r\000c\000h\000i\000t\000e\000c\000t\000u\000r\000e\000\040\000d\000e\000\040\000l\000'\000a\000p\000p\000r\000o\000c\000h\000e}{}% 28
\BOOKMARK [1][-]{section.8.1}{\376\377\000L\000e\000s\000\040\000n\000i\000v\000e\000a\000u\000x\000\040\000M\000D\000A\000\040\000p\000r\000i\000s\000\040\000e\000n\000\040\000c\000o\000m\000p\000t\000e}{chapter.8}% 29
\BOOKMARK [1][-]{section.8.2}{\376\377\000S\000c\000h\000\351\000m\000a\000\040\000d\000'\000a\000r\000c\000h\000i\000t\000e\000c\000t\000u\000r\000e\000\040\000d\000e\000\040\000l\000'\000a\000p\000p\000r\000o\000c\000h\000e}{chapter.8}% 30
\BOOKMARK [1][-]{section.8.3}{\376\377\000J\000u\000s\000t\000i\000f\000i\000c\000a\000t\000i\000o\000n\000\040\000d\000e\000s\000\040\000c\000h\000o\000i\000x\000\040\000t\000e\000c\000h\000n\000o\000l\000o\000g\000i\000q\000u\000e\000s}{chapter.8}% 31
\BOOKMARK [0][-]{chapter.9}{\376\377\000S\000p\000\351\000c\000i\000f\000i\000c\000a\000t\000i\000o\000n\000\040\000d\000e\000s\000\040\000t\000r\000a\000n\000s\000f\000o\000r\000m\000a\000t\000i\000o\000n\000s}{}% 32
\BOOKMARK [1][-]{section.9.1}{\376\377\000V\000u\000e\000\040\000d\000'\000e\000n\000s\000e\000m\000b\000l\000e}{chapter.9}% 33
\BOOKMARK [1][-]{section.9.2}{\376\377\000D\000\351\000f\000i\000n\000i\000t\000i\000o\000n\000\040\000d\000e\000\040\000l\000a\000\040\000g\000r\000a\000m\000m\000a\000i\000r\000e\000\040\000X\000t\000e\000x\000t\000\040\000\050\000s\000y\000n\000t\000a\000x\000e\000\040\000c\000o\000n\000c\000r\000\350\000t\000e\000\051}{chapter.9}% 34
\BOOKMARK [2][-]{subsection.9.2.1}{\376\377\000E\000x\000p\000l\000i\000c\000a\000t\000i\000o\000n\000\040\000d\000e\000\040\000l\000a\000\040\000g\000r\000a\000m\000m\000a\000i\000r\000e}{section.9.2}% 35
\BOOKMARK [2][-]{subsection.9.2.2}{\376\377\000A\000r\000t\000e\000f\000a\000c\000t\000s\000\040\000g\000\351\000n\000\351\000r\000\351\000s\000\040\000p\000a\000r\000\040\000X\000t\000e\000x\000t}{section.9.2}% 36
\BOOKMARK [1][-]{section.9.3}{\376\377\000T\000r\000a\000n\000s\000f\000o\000r\000m\000a\000t\000i\000o\000n\000\040\000T\0001\000\040\000:\000\040\000P\000I\000M\000\040\000\040\000P\000S\000M\000\040\000N\000g\000i\000n\000x\000\040\000\050\000A\000T\000L\000\051}{chapter.9}% 37
\BOOKMARK [1][-]{section.9.4}{\376\377\000T\000r\000a\000n\000s\000f\000o\000r\000m\000a\000t\000i\000o\000n\000\040\000T\0003\000\040\000:\000\040\000P\000S\000M\000\040\000N\000g\000i\000n\000x\000\040\000\040\000C\000o\000d\000e\000\040\000\050\000A\000c\000c\000e\000l\000e\000o\000\051}{chapter.9}% 38
\BOOKMARK [1][-]{section.9.5}{\376\377\000T\000r\000a\000n\000s\000f\000o\000r\000m\000a\000t\000i\000o\000n\000\040\000T\0005\000\040\000:\000\040\000P\000I\000M\000\040\000\040\000D\000o\000c\000k\000e\000r\000\040\000C\000o\000m\000p\000o\000s\000e\000\040\000\050\000A\000c\000c\000e\000l\000e\000o\000\051}{chapter.9}% 39
\BOOKMARK [0][-]{chapter.10}{\376\377\000I\000n\000s\000t\000a\000l\000l\000a\000t\000i\000o\000n\000\040\000e\000t\000\040\000c\000o\000n\000f\000i\000g\000u\000r\000a\000t\000i\000o\000n\000\040\000d\000e\000s\000\040\000o\000u\000t\000i\000l\000s}{}% 40
\BOOKMARK [1][-]{section.10.1}{\376\377\000P\000r\000\351\000r\000e\000q\000u\000i\000s\000\040\000s\000y\000s\000t\000\350\000m\000e}{chapter.10}% 41
\BOOKMARK [1][-]{section.10.2}{\376\377\000I\000n\000s\000t\000a\000l\000l\000a\000t\000i\000o\000n\000\040\000d\000e\000\040\000D\000o\000c\000k\000e\000r}{chapter.10}% 42
\BOOKMARK [2][-]{subsection.10.2.1}{\376\377\000S\000u\000r\000\040\000U\000b\000u\000n\000t\000u\000/\000D\000e\000b\000i\000a\000n}{section.10.2}% 43
\BOOKMARK [2][-]{subsection.10.2.2}{\376\377\000S\000u\000r\000\040\000m\000a\000c\000O\000S}{section.10.2}% 44
\BOOKMARK [1][-]{section.10.3}{\376\377\000I\000n\000s\000t\000a\000l\000l\000a\000t\000i\000o\000n\000\040\000d\000e\000\040\000D\000o\000c\000k\000e\000r\000\040\000C\000o\000m\000p\000o\000s\000e}{chapter.10}% 45
\BOOKMARK [1][-]{section.10.4}{\376\377\000I\000n\000s\000t\000a\000l\000l\000a\000t\000i\000o\000n\000\040\000d\000e\000\040\000N\000g\000i\000n\000x\000\040\000\050\000p\000o\000u\000r\000\040\000t\000e\000s\000t\000s\000\040\000l\000o\000c\000a\000u\000x\000\040\000s\000a\000n\000s\000\040\000D\000o\000c\000k\000e\000r\000\051}{chapter.10}% 46
\BOOKMARK [1][-]{section.10.5}{\376\377\000I\000n\000s\000t\000a\000l\000l\000a\000t\000i\000o\000n\000\040\000d\000e\000s\000\040\000o\000u\000t\000i\000l\000s\000\040\000I\000D\000M\000\040\000\050\000E\000c\000l\000i\000p\000s\000e\000\051}{chapter.10}% 47
\BOOKMARK [1][-]{section.10.6}{\376\377\000O\000u\000t\000i\000l\000s\000\040\000c\000o\000m\000p\000l\000\351\000m\000e\000n\000t\000a\000i\000r\000e\000s\000\040\000u\000t\000i\000l\000e\000s}{chapter.10}% 48
\BOOKMARK [1][-]{section.10.7}{\376\377\000V\000\351\000r\000i\000f\000i\000c\000a\000t\000i\000o\000n\000\040\000d\000e\000\040\000l\000'\000i\000n\000s\000t\000a\000l\000l\000a\000t\000i\000o\000n\000\040\000c\000o\000m\000p\000l\000\350\000t\000e}{chapter.10}% 49
\BOOKMARK [0][-]{chapter.11}{\376\377\000\311\000t\000u\000d\000e\000\040\000d\000e\000\040\000c\000a\000s\000\040\000:\000\040\000A\000p\000p\000l\000i\000c\000a\000t\000i\000o\000n\000\040\000E\000-\000C\000o\000m\000m\000e\000r\000c\000e}{}% 50
\BOOKMARK [1][-]{section.11.1}{\376\377\000D\000e\000s\000c\000r\000i\000p\000t\000i\000o\000n\000\040\000d\000u\000\040\000c\000a\000s\000\040\000d\000'\000\351\000t\000u\000d\000e}{chapter.11}% 51
\BOOKMARK [1][-]{section.11.2}{\376\377\000M\000o\000d\000\350\000l\000e\000\040\000D\000S\000L\000\040\000d\000u\000\040\000c\000a\000s\000\040\000d\000'\000\351\000t\000u\000d\000e}{chapter.11}% 52
\BOOKMARK [1][-]{section.11.3}{\376\377\000C\000o\000d\000e\000\040\000g\000\351\000n\000\351\000r\000\351\000\040\000:\000\040\000n\000g\000i\000n\000x\000.\000c\000o\000n\000f}{chapter.11}% 53
\BOOKMARK [1][-]{section.11.4}{\376\377\000C\000o\000d\000e\000\040\000g\000\351\000n\000\351\000r\000\351\000\040\000:\000\040\000d\000o\000c\000k\000e\000r\000-\000c\000o\000m\000p\000o\000s\000e\000.\000y\000m\000l}{chapter.11}% 54
\BOOKMARK [1][-]{section.11.5}{\376\377\000D\000\351\000p\000l\000o\000i\000e\000m\000e\000n\000t\000\040\000e\000t\000\040\000t\000e\000s\000t}{chapter.11}% 55
\BOOKMARK [2][-]{subsection.11.5.1}{\376\377\000L\000a\000n\000c\000e\000m\000e\000n\000t\000\040\000d\000e\000\040\000l\000'\000i\000n\000f\000r\000a\000s\000t\000r\000u\000c\000t\000u\000r\000e}{section.11.5}% 56
\BOOKMARK [2][-]{subsection.11.5.2}{\376\377\000T\000e\000s\000t\000s\000\040\000d\000e\000\040\000l\000a\000\040\000r\000\351\000p\000a\000r\000t\000i\000t\000i\000o\000n\000\040\000d\000e\000\040\000c\000h\000a\000r\000g\000e}{section.11.5}% 57
\BOOKMARK [2][-]{subsection.11.5.3}{\376\377\000V\000\351\000r\000i\000f\000i\000c\000a\000t\000i\000o\000n\000\040\000d\000u\000\040\000h\000e\000a\000l\000t\000h\000\040\000c\000h\000e\000c\000k}{section.11.5}% 58
\BOOKMARK [0][-]{chapter.12}{\376\377\000T\000u\000t\000o\000r\000i\000e\000l\000\040\000d\000e\000\040\000r\000\351\000a\000l\000i\000s\000a\000t\000i\000o\000n\000\040\000p\000a\000s\000\040\000\340\000\040\000p\000a\000s}{}% 59
\BOOKMARK [1][-]{section.12.1}{\376\377\000P\000r\000\351\000r\000e\000q\000u\000i\000s}{chapter.12}% 60
\BOOKMARK [1][-]{section.12.2}{\376\377\000\311\000t\000a\000p\000e\000\040\0001\000\040\000:\000\040\000C\000r\000\351\000a\000t\000i\000o\000n\000\040\000d\000u\000\040\000m\000\351\000t\000a\000m\000o\000d\000\350\000l\000e\000\040\000E\000c\000o\000r\000e}{chapter.12}% 61
\BOOKMARK [1][-]{section.12.3}{\376\377\000\311\000t\000a\000p\000e\000\040\0002\000\040\000:\000\040\000G\000\351\000n\000\351\000r\000a\000t\000i\000o\000n\000\040\000d\000u\000\040\000c\000o\000d\000e\000\040\000J\000a\000v\000a\000\040\000E\000M\000F}{chapter.12}% 62
\BOOKMARK [1][-]{section.12.4}{\376\377\000\311\000t\000a\000p\000e\000\040\0003\000\040\000:\000\040\000D\000\351\000f\000i\000n\000i\000t\000i\000o\000n\000\040\000d\000e\000\040\000l\000a\000\040\000s\000y\000n\000t\000a\000x\000e\000\040\000c\000o\000n\000c\000r\000\350\000t\000e\000\040\000\050\000X\000t\000e\000x\000t\000\051}{chapter.12}% 63
\BOOKMARK [1][-]{section.12.5}{\376\377\000\311\000t\000a\000p\000e\000\040\0004\000\040\000:\000\040\000I\000m\000p\000l\000\351\000m\000e\000n\000t\000a\000t\000i\000o\000n\000\040\000d\000e\000s\000\040\000c\000o\000n\000t\000r\000a\000i\000n\000t\000e\000s}{chapter.12}% 64
\BOOKMARK [1][-]{section.12.6}{\376\377\000\311\000t\000a\000p\000e\000\040\0005\000\040\000:\000\040\000T\000r\000a\000n\000s\000f\000o\000r\000m\000a\000t\000i\000o\000n\000s\000\040\000A\000T\000L}{chapter.12}% 65
\BOOKMARK [1][-]{section.12.7}{\376\377\000\311\000t\000a\000p\000e\000\040\0006\000\040\000:\000\040\000G\000\351\000n\000\351\000r\000a\000t\000i\000o\000n\000\040\000d\000e\000\040\000c\000o\000d\000e\000\040\000\050\000A\000c\000c\000e\000l\000e\000o\000\051}{chapter.12}% 66
\BOOKMARK [1][-]{section.12.8}{\376\377\000\311\000t\000a\000p\000e\000\040\0007\000\040\000:\000\040\000T\000e\000s\000t\000\040\000d\000e\000\040\000b\000o\000u\000t\000\040\000e\000n\000\040\000b\000o\000u\000t}{chapter.12}% 67
\BOOKMARK [0][-]{chapter.13}{\376\377\000P\000e\000r\000s\000p\000e\000c\000t\000i\000v\000e\000s\000\040\000e\000t\000\040\000a\000m\000\351\000l\000i\000o\000r\000a\000t\000i\000o\000n\000s}{}% 68
\BOOKMARK [0][-]{chapter*.9}{\376\377\000C\000o\000n\000c\000l\000u\000s\000i\000o\000n}{}% 69
\BOOKMARK [0][-]{chapter*.10}{\376\377\000R\000\351\000f\000\351\000r\000e\000n\000c\000e\000s\000\040\000b\000i\000b\000l\000i\000o\000g\000r\000a\000p\000h\000i\000q\000u\000e\000s}{}% 70
